2024-04-04 18:56:29,123 [INFO] Activator:176 - 


2024-04-04 18:56:29,125 [INFO] Activator:177 - !SESSION log4j initialized
2024-04-04 18:56:32,225 [INFO] LogOutputStream:77 - [STDOUT_REDIRECT] 
2024-04-04 18:56:32,939 [ERROR] LogOutputStream:75 - [STDERR_REDIRECT] java.net.URISyntaxException: Illegal character in path at index 43: file:/home/shubhaam/Desktop/repositery/MCPI assign/MCPI-REPO/day_10_01/.metadata/.log4j2.xml
2024-04-04 18:56:32,940 [ERROR] LogOutputStream:75 - [STDERR_REDIRECT] 	at java.base/java.net.URI$Parser.fail(URI.java:2976)
2024-04-04 18:56:32,941 [ERROR] LogOutputStream:75 - [STDERR_REDIRECT] 	at java.base/java.net.URI$Parser.checkChars(URI.java:3147)
2024-04-04 18:56:32,941 [ERROR] LogOutputStream:75 - [STDERR_REDIRECT] 	at java.base/java.net.URI$Parser.parseHierarchical(URI.java:3229)
2024-04-04 18:56:32,942 [ERROR] LogOutputStream:75 - [STDERR_REDIRECT] 	at java.base/java.net.URI$Parser.parse(URI.java:3177)
2024-04-04 18:56:32,942 [ERROR] LogOutputStream:75 - [STDERR_REDIRECT] 	at java.base/java.net.URI.<init>(URI.java:623)
2024-04-04 18:56:32,943 [ERROR] LogOutputStream:75 - [STDERR_REDIRECT] 	at java.base/java.net.URL.toURI(URL.java:1056)
2024-04-04 18:56:32,943 [ERROR] LogOutputStream:75 - [STDERR_REDIRECT] 	at com.st.stm32cube.common.mx.core.CubeMxInstance.getInstance(CubeMxInstance.java:81)
2024-04-04 18:56:32,944 [ERROR] LogOutputStream:75 - [STDERR_REDIRECT] 	at com.st.stm32cube.common.mx.userauth.UserAuthAdapter.<init>(UserAuthAdapter.java:25)
2024-04-04 18:56:32,945 [ERROR] LogOutputStream:75 - [STDERR_REDIRECT] 	at com.st.stm32cube.common.mx.userauth.UserAuthProvider.getUserAuthAdapter(UserAuthProvider.java:16)
2024-04-04 18:56:32,945 [ERROR] LogOutputStream:75 - [STDERR_REDIRECT] 	at com.st.stm32cube.common.ecosystemintegration.ui.core.MCUEcoSystemIntegrationUiHelper.getUserAuth(MCUEcoSystemIntegrationUiHelper.java:100)
2024-04-04 18:56:32,946 [ERROR] LogOutputStream:75 - [STDERR_REDIRECT] 	at com.st.stm32cube.ide.mcu.userauth.UserAuthStartup.earlyStartup(UserAuthStartup.java:41)
2024-04-04 18:56:32,946 [ERROR] LogOutputStream:75 - [STDERR_REDIRECT] 	at org.eclipse.ui.internal.EarlyStartupRunnable.runEarlyStartup(EarlyStartupRunnable.java:79)
2024-04-04 18:56:32,947 [ERROR] LogOutputStream:75 - [STDERR_REDIRECT] 	at org.eclipse.ui.internal.EarlyStartupRunnable.run(EarlyStartupRunnable.java:55)
2024-04-04 18:56:32,947 [ERROR] LogOutputStream:75 - [STDERR_REDIRECT] 	at org.eclipse.core.runtime.SafeRunner.run(SafeRunner.java:47)
2024-04-04 18:56:32,948 [ERROR] LogOutputStream:75 - [STDERR_REDIRECT] 	at org.eclipse.ui.internal.Workbench$39.run(Workbench.java:2762)
2024-04-04 18:56:32,948 [ERROR] LogOutputStream:75 - [STDERR_REDIRECT] 	at org.eclipse.core.internal.jobs.Worker.run(Worker.java:63)
2024-04-04 18:56:38,151 [ERROR] LogOutputStream:75 - [STDERR_REDIRECT] Apr 04, 2024 6:56:38 PM java.util.prefs.FileSystemPreferences$2 run
2024-04-04 18:56:38,151 [ERROR] LogOutputStream:75 - [STDERR_REDIRECT] WARNING: Could not create system preferences directory. System preferences are unusable.
2024-04-04 18:56:38,151 [ERROR] LogOutputStream:75 - [STDERR_REDIRECT] 
2024-04-04 18:56:53,220 [INFO] Activator:176 - 


2024-04-04 18:56:53,223 [INFO] Activator:177 - !SESSION log4j initialized
2024-04-04 18:56:55,609 [INFO] LogOutputStream:77 - [STDOUT_REDIRECT] 
2024-04-04 18:56:56,197 [ERROR] LogOutputStream:75 - [STDERR_REDIRECT] java.net.URISyntaxException: Illegal character in path at index 43: file:/home/shubhaam/Desktop/repositery/MCPI assign/MCPI-REPO/day_10_01/.metadata/.log4j2.xml
2024-04-04 18:56:56,198 [ERROR] LogOutputStream:75 - [STDERR_REDIRECT] 	at java.base/java.net.URI$Parser.fail(URI.java:2976)
2024-04-04 18:56:56,199 [ERROR] LogOutputStream:75 - [STDERR_REDIRECT] 	at java.base/java.net.URI$Parser.checkChars(URI.java:3147)
2024-04-04 18:56:56,200 [ERROR] LogOutputStream:75 - [STDERR_REDIRECT] 	at java.base/java.net.URI$Parser.parseHierarchical(URI.java:3229)
2024-04-04 18:56:56,201 [ERROR] LogOutputStream:75 - [STDERR_REDIRECT] 	at java.base/java.net.URI$Parser.parse(URI.java:3177)
2024-04-04 18:56:56,202 [ERROR] LogOutputStream:75 - [STDERR_REDIRECT] 	at java.base/java.net.URI.<init>(URI.java:623)
2024-04-04 18:56:56,203 [ERROR] LogOutputStream:75 - [STDERR_REDIRECT] 	at java.base/java.net.URL.toURI(URL.java:1056)
2024-04-04 18:56:56,203 [ERROR] LogOutputStream:75 - [STDERR_REDIRECT] 	at com.st.stm32cube.common.mx.core.CubeMxInstance.getInstance(CubeMxInstance.java:81)
2024-04-04 18:56:56,204 [ERROR] LogOutputStream:75 - [STDERR_REDIRECT] 	at com.st.stm32cube.common.mx.userauth.UserAuthAdapter.<init>(UserAuthAdapter.java:25)
2024-04-04 18:56:56,206 [ERROR] LogOutputStream:75 - [STDERR_REDIRECT] 	at com.st.stm32cube.common.mx.userauth.UserAuthProvider.getUserAuthAdapter(UserAuthProvider.java:16)
2024-04-04 18:56:56,207 [ERROR] LogOutputStream:75 - [STDERR_REDIRECT] 	at com.st.stm32cube.common.ecosystemintegration.ui.core.MCUEcoSystemIntegrationUiHelper.getUserAuth(MCUEcoSystemIntegrationUiHelper.java:100)
2024-04-04 18:56:56,209 [ERROR] LogOutputStream:75 - [STDERR_REDIRECT] 	at com.st.stm32cube.ide.mcu.userauth.UserAuthStartup.earlyStartup(UserAuthStartup.java:41)
2024-04-04 18:56:56,210 [ERROR] LogOutputStream:75 - [STDERR_REDIRECT] 	at org.eclipse.ui.internal.EarlyStartupRunnable.runEarlyStartup(EarlyStartupRunnable.java:79)
2024-04-04 18:56:56,211 [ERROR] LogOutputStream:75 - [STDERR_REDIRECT] 	at org.eclipse.ui.internal.EarlyStartupRunnable.run(EarlyStartupRunnable.java:55)
2024-04-04 18:56:56,211 [ERROR] LogOutputStream:75 - [STDERR_REDIRECT] 	at org.eclipse.core.runtime.SafeRunner.run(SafeRunner.java:47)
2024-04-04 18:56:56,212 [ERROR] LogOutputStream:75 - [STDERR_REDIRECT] 	at org.eclipse.ui.internal.Workbench$39.run(Workbench.java:2762)
2024-04-04 18:56:56,213 [ERROR] LogOutputStream:75 - [STDERR_REDIRECT] 	at org.eclipse.core.internal.jobs.Worker.run(Worker.java:63)
2024-04-04 18:57:01,342 [ERROR] LogOutputStream:75 - [STDERR_REDIRECT] Apr 04, 2024 6:57:01 PM java.util.prefs.FileSystemPreferences$2 run
2024-04-04 18:57:01,342 [ERROR] LogOutputStream:75 - [STDERR_REDIRECT] WARNING: Could not create system preferences directory. System preferences are unusable.
2024-04-04 18:57:01,342 [ERROR] LogOutputStream:75 - [STDERR_REDIRECT] 
2024-04-04 18:57:25,421 [ERROR] LogOutputStream:75 - [STDERR_REDIRECT] Apr 04, 2024 6:57:25 PM java.util.prefs.FileSystemPreferences checkLockFile0ErrorCode
2024-04-04 18:57:25,423 [ERROR] LogOutputStream:75 - [STDERR_REDIRECT] WARNING: Could not lock System prefs. Unix error code 32040.
2024-04-04 18:57:25,423 [ERROR] LogOutputStream:75 - [STDERR_REDIRECT] 
2024-04-04 18:57:25,424 [ERROR] LogOutputStream:75 - [STDERR_REDIRECT] Apr 04, 2024 6:57:25 PM java.util.prefs.FileSystemPreferences syncWorld
2024-04-04 18:57:25,425 [ERROR] LogOutputStream:75 - [STDERR_REDIRECT] WARNING: Couldn't flush system prefs: java.util.prefs.BackingStoreException: Couldn't get file lock.
2024-04-04 18:57:25,425 [ERROR] LogOutputStream:75 - [STDERR_REDIRECT] 
2024-04-04 18:57:55,413 [ERROR] LogOutputStream:75 - [STDERR_REDIRECT] Apr 04, 2024 6:57:55 PM java.util.prefs.FileSystemPreferences checkLockFile0ErrorCode
2024-04-04 18:57:55,413 [ERROR] LogOutputStream:75 - [STDERR_REDIRECT] WARNING: Could not lock System prefs. Unix error code 32040.
2024-04-04 18:57:55,414 [ERROR] LogOutputStream:75 - [STDERR_REDIRECT] 
2024-04-04 18:57:55,415 [ERROR] LogOutputStream:75 - [STDERR_REDIRECT] Apr 04, 2024 6:57:55 PM java.util.prefs.FileSystemPreferences syncWorld
2024-04-04 18:57:55,415 [ERROR] LogOutputStream:75 - [STDERR_REDIRECT] WARNING: Couldn't flush system prefs: java.util.prefs.BackingStoreException: Couldn't get file lock.
2024-04-04 18:57:55,416 [ERROR] LogOutputStream:75 - [STDERR_REDIRECT] 
2024-04-04 18:58:00,579 [ERROR] LogOutputStream:75 - [STDERR_REDIRECT] 
2024-04-04 18:58:11,426 [INFO] Activator:176 - 


2024-04-04 18:58:11,429 [INFO] Activator:177 - !SESSION log4j initialized
2024-04-04 18:58:14,045 [INFO] LogOutputStream:77 - [STDOUT_REDIRECT] 
2024-04-04 18:58:14,656 [ERROR] LogOutputStream:75 - [STDERR_REDIRECT] java.net.URISyntaxException: Illegal character in path at index 43: file:/home/shubhaam/Desktop/repositery/MCPI assign/MCPI-REPO/day_10_01/.metadata/.log4j2.xml
2024-04-04 18:58:14,658 [ERROR] LogOutputStream:75 - [STDERR_REDIRECT] 	at java.base/java.net.URI$Parser.fail(URI.java:2976)
2024-04-04 18:58:14,659 [ERROR] LogOutputStream:75 - [STDERR_REDIRECT] 	at java.base/java.net.URI$Parser.checkChars(URI.java:3147)
2024-04-04 18:58:14,660 [ERROR] LogOutputStream:75 - [STDERR_REDIRECT] 	at java.base/java.net.URI$Parser.parseHierarchical(URI.java:3229)
2024-04-04 18:58:14,661 [ERROR] LogOutputStream:75 - [STDERR_REDIRECT] 	at java.base/java.net.URI$Parser.parse(URI.java:3177)
2024-04-04 18:58:14,661 [ERROR] LogOutputStream:75 - [STDERR_REDIRECT] 	at java.base/java.net.URI.<init>(URI.java:623)
2024-04-04 18:58:14,662 [ERROR] LogOutputStream:75 - [STDERR_REDIRECT] 	at java.base/java.net.URL.toURI(URL.java:1056)
2024-04-04 18:58:14,665 [ERROR] LogOutputStream:75 - [STDERR_REDIRECT] 	at com.st.stm32cube.common.mx.core.CubeMxInstance.getInstance(CubeMxInstance.java:81)
2024-04-04 18:58:14,666 [ERROR] LogOutputStream:75 - [STDERR_REDIRECT] 	at com.st.stm32cube.common.mx.userauth.UserAuthAdapter.<init>(UserAuthAdapter.java:25)
2024-04-04 18:58:14,667 [ERROR] LogOutputStream:75 - [STDERR_REDIRECT] 	at com.st.stm32cube.common.mx.userauth.UserAuthProvider.getUserAuthAdapter(UserAuthProvider.java:16)
2024-04-04 18:58:14,668 [ERROR] LogOutputStream:75 - [STDERR_REDIRECT] 	at com.st.stm32cube.common.ecosystemintegration.ui.core.MCUEcoSystemIntegrationUiHelper.getUserAuth(MCUEcoSystemIntegrationUiHelper.java:100)
2024-04-04 18:58:14,669 [ERROR] LogOutputStream:75 - [STDERR_REDIRECT] 	at com.st.stm32cube.ide.mcu.userauth.UserAuthStartup.earlyStartup(UserAuthStartup.java:41)
2024-04-04 18:58:14,672 [ERROR] LogOutputStream:75 - [STDERR_REDIRECT] 	at org.eclipse.ui.internal.EarlyStartupRunnable.runEarlyStartup(EarlyStartupRunnable.java:79)
2024-04-04 18:58:14,673 [ERROR] LogOutputStream:75 - [STDERR_REDIRECT] 	at org.eclipse.ui.internal.EarlyStartupRunnable.run(EarlyStartupRunnable.java:55)
2024-04-04 18:58:14,674 [ERROR] LogOutputStream:75 - [STDERR_REDIRECT] 	at org.eclipse.core.runtime.SafeRunner.run(SafeRunner.java:47)
2024-04-04 18:58:14,675 [ERROR] LogOutputStream:75 - [STDERR_REDIRECT] 	at org.eclipse.ui.internal.Workbench$39.run(Workbench.java:2762)
2024-04-04 18:58:14,677 [ERROR] LogOutputStream:75 - [STDERR_REDIRECT] 	at org.eclipse.core.internal.jobs.Worker.run(Worker.java:63)
2024-04-04 18:58:20,363 [ERROR] LogOutputStream:75 - [STDERR_REDIRECT] Apr 04, 2024 6:58:20 PM java.util.prefs.FileSystemPreferences$2 run
2024-04-04 18:58:20,364 [ERROR] LogOutputStream:75 - [STDERR_REDIRECT] WARNING: Could not create system preferences directory. System preferences are unusable.
2024-04-04 18:58:20,364 [ERROR] LogOutputStream:75 - [STDERR_REDIRECT] 
2024-04-04 18:58:43,617 [ERROR] LogOutputStream:75 - [STDERR_REDIRECT] Apr 04, 2024 6:58:43 PM java.util.prefs.FileSystemPreferences checkLockFile0ErrorCode
2024-04-04 18:58:43,617 [ERROR] LogOutputStream:75 - [STDERR_REDIRECT] WARNING: Could not lock System prefs. Unix error code 30241.
2024-04-04 18:58:43,617 [ERROR] LogOutputStream:75 - [STDERR_REDIRECT] 
2024-04-04 18:58:43,618 [ERROR] LogOutputStream:75 - [STDERR_REDIRECT] Apr 04, 2024 6:58:43 PM java.util.prefs.FileSystemPreferences syncWorld
2024-04-04 18:58:43,618 [ERROR] LogOutputStream:75 - [STDERR_REDIRECT] WARNING: Couldn't flush system prefs: java.util.prefs.BackingStoreException: Couldn't get file lock.
2024-04-04 18:58:43,618 [ERROR] LogOutputStream:75 - [STDERR_REDIRECT] 
2024-04-04 18:59:13,599 [ERROR] LogOutputStream:75 - [STDERR_REDIRECT] Apr 04, 2024 6:59:13 PM java.util.prefs.FileSystemPreferences checkLockFile0ErrorCode
2024-04-04 18:59:13,599 [ERROR] LogOutputStream:75 - [STDERR_REDIRECT] WARNING: Could not lock System prefs. Unix error code 30241.
2024-04-04 18:59:13,600 [ERROR] LogOutputStream:75 - [STDERR_REDIRECT] 
2024-04-04 18:59:13,600 [ERROR] LogOutputStream:75 - [STDERR_REDIRECT] Apr 04, 2024 6:59:13 PM java.util.prefs.FileSystemPreferences syncWorld
2024-04-04 18:59:13,601 [ERROR] LogOutputStream:75 - [STDERR_REDIRECT] WARNING: Couldn't flush system prefs: java.util.prefs.BackingStoreException: Couldn't get file lock.
2024-04-04 18:59:13,601 [ERROR] LogOutputStream:75 - [STDERR_REDIRECT] 
2024-04-04 18:59:43,599 [ERROR] LogOutputStream:75 - [STDERR_REDIRECT] Apr 04, 2024 6:59:43 PM java.util.prefs.FileSystemPreferences checkLockFile0ErrorCode
2024-04-04 18:59:43,599 [ERROR] LogOutputStream:75 - [STDERR_REDIRECT] WARNING: Could not lock System prefs. Unix error code 30241.
2024-04-04 18:59:43,599 [ERROR] LogOutputStream:75 - [STDERR_REDIRECT] 
2024-04-04 18:59:43,599 [ERROR] LogOutputStream:75 - [STDERR_REDIRECT] Apr 04, 2024 6:59:43 PM java.util.prefs.FileSystemPreferences syncWorld
2024-04-04 18:59:43,600 [ERROR] LogOutputStream:75 - [STDERR_REDIRECT] WARNING: Couldn't flush system prefs: java.util.prefs.BackingStoreException: Couldn't get file lock.
2024-04-04 18:59:43,600 [ERROR] LogOutputStream:75 - [STDERR_REDIRECT] 
2024-04-04 19:00:13,600 [ERROR] LogOutputStream:75 - [STDERR_REDIRECT] Apr 04, 2024 7:00:13 PM java.util.prefs.FileSystemPreferences checkLockFile0ErrorCode
2024-04-04 19:00:13,601 [ERROR] LogOutputStream:75 - [STDERR_REDIRECT] WARNING: Could not lock System prefs. Unix error code 30241.
2024-04-04 19:00:13,602 [ERROR] LogOutputStream:75 - [STDERR_REDIRECT] 
2024-04-04 19:00:13,603 [ERROR] LogOutputStream:75 - [STDERR_REDIRECT] Apr 04, 2024 7:00:13 PM java.util.prefs.FileSystemPreferences syncWorld
2024-04-04 19:00:13,603 [ERROR] LogOutputStream:75 - [STDERR_REDIRECT] WARNING: Couldn't flush system prefs: java.util.prefs.BackingStoreException: Couldn't get file lock.
2024-04-04 19:00:13,604 [ERROR] LogOutputStream:75 - [STDERR_REDIRECT] 
2024-04-04 19:00:43,600 [ERROR] LogOutputStream:75 - [STDERR_REDIRECT] Apr 04, 2024 7:00:43 PM java.util.prefs.FileSystemPreferences checkLockFile0ErrorCode
2024-04-04 19:00:43,600 [ERROR] LogOutputStream:75 - [STDERR_REDIRECT] WARNING: Could not lock System prefs. Unix error code 30241.
2024-04-04 19:00:43,601 [ERROR] LogOutputStream:75 - [STDERR_REDIRECT] 
2024-04-04 19:00:43,602 [ERROR] LogOutputStream:75 - [STDERR_REDIRECT] Apr 04, 2024 7:00:43 PM java.util.prefs.FileSystemPreferences syncWorld
2024-04-04 19:00:43,603 [ERROR] LogOutputStream:75 - [STDERR_REDIRECT] WARNING: Couldn't flush system prefs: java.util.prefs.BackingStoreException: Couldn't get file lock.
2024-04-04 19:00:43,603 [ERROR] LogOutputStream:75 - [STDERR_REDIRECT] 
2024-04-04 19:01:13,600 [ERROR] LogOutputStream:75 - [STDERR_REDIRECT] Apr 04, 2024 7:01:13 PM java.util.prefs.FileSystemPreferences checkLockFile0ErrorCode
2024-04-04 19:01:13,600 [ERROR] LogOutputStream:75 - [STDERR_REDIRECT] WARNING: Could not lock System prefs. Unix error code 30241.
2024-04-04 19:01:13,601 [ERROR] LogOutputStream:75 - [STDERR_REDIRECT] 
2024-04-04 19:01:13,601 [ERROR] LogOutputStream:75 - [STDERR_REDIRECT] Apr 04, 2024 7:01:13 PM java.util.prefs.FileSystemPreferences syncWorld
2024-04-04 19:01:13,601 [ERROR] LogOutputStream:75 - [STDERR_REDIRECT] WARNING: Couldn't flush system prefs: java.util.prefs.BackingStoreException: Couldn't get file lock.
2024-04-04 19:01:13,602 [ERROR] LogOutputStream:75 - [STDERR_REDIRECT] 
2024-04-04 19:01:43,599 [ERROR] LogOutputStream:75 - [STDERR_REDIRECT] Apr 04, 2024 7:01:43 PM java.util.prefs.FileSystemPreferences checkLockFile0ErrorCode
2024-04-04 19:01:43,600 [ERROR] LogOutputStream:75 - [STDERR_REDIRECT] WARNING: Could not lock System prefs. Unix error code 30241.
2024-04-04 19:01:43,600 [ERROR] LogOutputStream:75 - [STDERR_REDIRECT] 
2024-04-04 19:01:43,602 [ERROR] LogOutputStream:75 - [STDERR_REDIRECT] Apr 04, 2024 7:01:43 PM java.util.prefs.FileSystemPreferences syncWorld
2024-04-04 19:01:43,602 [ERROR] LogOutputStream:75 - [STDERR_REDIRECT] WARNING: Couldn't flush system prefs: java.util.prefs.BackingStoreException: Couldn't get file lock.
2024-04-04 19:01:43,603 [ERROR] LogOutputStream:75 - [STDERR_REDIRECT] 
2024-04-04 19:02:13,599 [ERROR] LogOutputStream:75 - [STDERR_REDIRECT] Apr 04, 2024 7:02:13 PM java.util.prefs.FileSystemPreferences checkLockFile0ErrorCode
2024-04-04 19:02:13,600 [ERROR] LogOutputStream:75 - [STDERR_REDIRECT] WARNING: Could not lock System prefs. Unix error code 30241.
2024-04-04 19:02:13,601 [ERROR] LogOutputStream:75 - [STDERR_REDIRECT] 
2024-04-04 19:02:13,602 [ERROR] LogOutputStream:75 - [STDERR_REDIRECT] Apr 04, 2024 7:02:13 PM java.util.prefs.FileSystemPreferences syncWorld
2024-04-04 19:02:13,602 [ERROR] LogOutputStream:75 - [STDERR_REDIRECT] WARNING: Couldn't flush system prefs: java.util.prefs.BackingStoreException: Couldn't get file lock.
2024-04-04 19:02:13,603 [ERROR] LogOutputStream:75 - [STDERR_REDIRECT] 
2024-04-04 19:02:43,600 [ERROR] LogOutputStream:75 - [STDERR_REDIRECT] Apr 04, 2024 7:02:43 PM java.util.prefs.FileSystemPreferences checkLockFile0ErrorCode
2024-04-04 19:02:43,600 [ERROR] LogOutputStream:75 - [STDERR_REDIRECT] WARNING: Could not lock System prefs. Unix error code 30241.
2024-04-04 19:02:43,601 [ERROR] LogOutputStream:75 - [STDERR_REDIRECT] 
2024-04-04 19:02:43,602 [ERROR] LogOutputStream:75 - [STDERR_REDIRECT] Apr 04, 2024 7:02:43 PM java.util.prefs.FileSystemPreferences syncWorld
2024-04-04 19:02:43,602 [ERROR] LogOutputStream:75 - [STDERR_REDIRECT] WARNING: Couldn't flush system prefs: java.util.prefs.BackingStoreException: Couldn't get file lock.
2024-04-04 19:02:43,603 [ERROR] LogOutputStream:75 - [STDERR_REDIRECT] 
2024-04-04 19:03:13,599 [ERROR] LogOutputStream:75 - [STDERR_REDIRECT] Apr 04, 2024 7:03:13 PM java.util.prefs.FileSystemPreferences checkLockFile0ErrorCode
2024-04-04 19:03:13,600 [ERROR] LogOutputStream:75 - [STDERR_REDIRECT] WARNING: Could not lock System prefs. Unix error code 30241.
2024-04-04 19:03:13,601 [ERROR] LogOutputStream:75 - [STDERR_REDIRECT] 
2024-04-04 19:03:13,602 [ERROR] LogOutputStream:75 - [STDERR_REDIRECT] Apr 04, 2024 7:03:13 PM java.util.prefs.FileSystemPreferences syncWorld
2024-04-04 19:03:13,602 [ERROR] LogOutputStream:75 - [STDERR_REDIRECT] WARNING: Couldn't flush system prefs: java.util.prefs.BackingStoreException: Couldn't get file lock.
2024-04-04 19:03:13,603 [ERROR] LogOutputStream:75 - [STDERR_REDIRECT] 
2024-04-04 19:03:43,600 [ERROR] LogOutputStream:75 - [STDERR_REDIRECT] Apr 04, 2024 7:03:43 PM java.util.prefs.FileSystemPreferences checkLockFile0ErrorCode
2024-04-04 19:03:43,600 [ERROR] LogOutputStream:75 - [STDERR_REDIRECT] WARNING: Could not lock System prefs. Unix error code 30241.
2024-04-04 19:03:43,601 [ERROR] LogOutputStream:75 - [STDERR_REDIRECT] 
2024-04-04 19:03:43,602 [ERROR] LogOutputStream:75 - [STDERR_REDIRECT] Apr 04, 2024 7:03:43 PM java.util.prefs.FileSystemPreferences syncWorld
2024-04-04 19:03:43,603 [ERROR] LogOutputStream:75 - [STDERR_REDIRECT] WARNING: Couldn't flush system prefs: java.util.prefs.BackingStoreException: Couldn't get file lock.
2024-04-04 19:03:43,603 [ERROR] LogOutputStream:75 - [STDERR_REDIRECT] 
2024-04-04 19:04:13,600 [ERROR] LogOutputStream:75 - [STDERR_REDIRECT] Apr 04, 2024 7:04:13 PM java.util.prefs.FileSystemPreferences checkLockFile0ErrorCode
2024-04-04 19:04:13,600 [ERROR] LogOutputStream:75 - [STDERR_REDIRECT] WARNING: Could not lock System prefs. Unix error code 30241.
2024-04-04 19:04:13,601 [ERROR] LogOutputStream:75 - [STDERR_REDIRECT] 
2024-04-04 19:04:13,602 [ERROR] LogOutputStream:75 - [STDERR_REDIRECT] Apr 04, 2024 7:04:13 PM java.util.prefs.FileSystemPreferences syncWorld
2024-04-04 19:04:13,602 [ERROR] LogOutputStream:75 - [STDERR_REDIRECT] WARNING: Couldn't flush system prefs: java.util.prefs.BackingStoreException: Couldn't get file lock.
2024-04-04 19:04:13,603 [ERROR] LogOutputStream:75 - [STDERR_REDIRECT] 
2024-04-04 19:04:43,600 [ERROR] LogOutputStream:75 - [STDERR_REDIRECT] Apr 04, 2024 7:04:43 PM java.util.prefs.FileSystemPreferences checkLockFile0ErrorCode
2024-04-04 19:04:43,600 [ERROR] LogOutputStream:75 - [STDERR_REDIRECT] WARNING: Could not lock System prefs. Unix error code 30241.
2024-04-04 19:04:43,601 [ERROR] LogOutputStream:75 - [STDERR_REDIRECT] 
2024-04-04 19:04:43,601 [ERROR] LogOutputStream:75 - [STDERR_REDIRECT] Apr 04, 2024 7:04:43 PM java.util.prefs.FileSystemPreferences syncWorld
2024-04-04 19:04:43,602 [ERROR] LogOutputStream:75 - [STDERR_REDIRECT] WARNING: Couldn't flush system prefs: java.util.prefs.BackingStoreException: Couldn't get file lock.
2024-04-04 19:04:43,602 [ERROR] LogOutputStream:75 - [STDERR_REDIRECT] 
2024-04-04 19:05:13,600 [ERROR] LogOutputStream:75 - [STDERR_REDIRECT] Apr 04, 2024 7:05:13 PM java.util.prefs.FileSystemPreferences checkLockFile0ErrorCode
2024-04-04 19:05:13,601 [ERROR] LogOutputStream:75 - [STDERR_REDIRECT] WARNING: Could not lock System prefs. Unix error code 30241.
2024-04-04 19:05:13,601 [ERROR] LogOutputStream:75 - [STDERR_REDIRECT] 
2024-04-04 19:05:13,602 [ERROR] LogOutputStream:75 - [STDERR_REDIRECT] Apr 04, 2024 7:05:13 PM java.util.prefs.FileSystemPreferences syncWorld
2024-04-04 19:05:13,603 [ERROR] LogOutputStream:75 - [STDERR_REDIRECT] WARNING: Couldn't flush system prefs: java.util.prefs.BackingStoreException: Couldn't get file lock.
2024-04-04 19:05:13,603 [ERROR] LogOutputStream:75 - [STDERR_REDIRECT] 
2024-04-04 19:05:43,600 [ERROR] LogOutputStream:75 - [STDERR_REDIRECT] Apr 04, 2024 7:05:43 PM java.util.prefs.FileSystemPreferences checkLockFile0ErrorCode
2024-04-04 19:05:43,601 [ERROR] LogOutputStream:75 - [STDERR_REDIRECT] WARNING: Could not lock System prefs. Unix error code 30241.
2024-04-04 19:05:43,601 [ERROR] LogOutputStream:75 - [STDERR_REDIRECT] 
2024-04-04 19:05:43,602 [ERROR] LogOutputStream:75 - [STDERR_REDIRECT] Apr 04, 2024 7:05:43 PM java.util.prefs.FileSystemPreferences syncWorld
2024-04-04 19:05:43,603 [ERROR] LogOutputStream:75 - [STDERR_REDIRECT] WARNING: Couldn't flush system prefs: java.util.prefs.BackingStoreException: Couldn't get file lock.
2024-04-04 19:05:43,603 [ERROR] LogOutputStream:75 - [STDERR_REDIRECT] 
2024-04-04 19:06:13,600 [ERROR] LogOutputStream:75 - [STDERR_REDIRECT] Apr 04, 2024 7:06:13 PM java.util.prefs.FileSystemPreferences checkLockFile0ErrorCode
2024-04-04 19:06:13,600 [ERROR] LogOutputStream:75 - [STDERR_REDIRECT] WARNING: Could not lock System prefs. Unix error code 30241.
2024-04-04 19:06:13,601 [ERROR] LogOutputStream:75 - [STDERR_REDIRECT] 
2024-04-04 19:06:13,602 [ERROR] LogOutputStream:75 - [STDERR_REDIRECT] Apr 04, 2024 7:06:13 PM java.util.prefs.FileSystemPreferences syncWorld
2024-04-04 19:06:13,602 [ERROR] LogOutputStream:75 - [STDERR_REDIRECT] WARNING: Couldn't flush system prefs: java.util.prefs.BackingStoreException: Couldn't get file lock.
2024-04-04 19:06:13,603 [ERROR] LogOutputStream:75 - [STDERR_REDIRECT] 
2024-04-04 19:06:43,600 [ERROR] LogOutputStream:75 - [STDERR_REDIRECT] Apr 04, 2024 7:06:43 PM java.util.prefs.FileSystemPreferences checkLockFile0ErrorCode
2024-04-04 19:06:43,600 [ERROR] LogOutputStream:75 - [STDERR_REDIRECT] WARNING: Could not lock System prefs. Unix error code 30241.
2024-04-04 19:06:43,600 [ERROR] LogOutputStream:75 - [STDERR_REDIRECT] 
2024-04-04 19:06:43,602 [ERROR] LogOutputStream:75 - [STDERR_REDIRECT] Apr 04, 2024 7:06:43 PM java.util.prefs.FileSystemPreferences syncWorld
2024-04-04 19:06:43,602 [ERROR] LogOutputStream:75 - [STDERR_REDIRECT] WARNING: Couldn't flush system prefs: java.util.prefs.BackingStoreException: Couldn't get file lock.
2024-04-04 19:06:43,603 [ERROR] LogOutputStream:75 - [STDERR_REDIRECT] 
2024-04-04 19:07:12,324 [INFO] Activator:176 - 


2024-04-04 19:07:12,326 [INFO] Activator:177 - !SESSION log4j initialized
2024-04-04 19:07:14,977 [INFO] LogOutputStream:77 - [STDOUT_REDIRECT] 
2024-04-04 19:07:15,602 [ERROR] LogOutputStream:75 - [STDERR_REDIRECT] java.net.URISyntaxException: Illegal character in path at index 43: file:/home/shubhaam/Desktop/repositery/MCPI assign/MCPI-REPO/day_10_01/.metadata/.log4j2.xml
2024-04-04 19:07:15,603 [ERROR] LogOutputStream:75 - [STDERR_REDIRECT] 	at java.base/java.net.URI$Parser.fail(URI.java:2976)
2024-04-04 19:07:15,604 [ERROR] LogOutputStream:75 - [STDERR_REDIRECT] 	at java.base/java.net.URI$Parser.checkChars(URI.java:3147)
2024-04-04 19:07:15,605 [ERROR] LogOutputStream:75 - [STDERR_REDIRECT] 	at java.base/java.net.URI$Parser.parseHierarchical(URI.java:3229)
2024-04-04 19:07:15,607 [ERROR] LogOutputStream:75 - [STDERR_REDIRECT] 	at java.base/java.net.URI$Parser.parse(URI.java:3177)
2024-04-04 19:07:15,608 [ERROR] LogOutputStream:75 - [STDERR_REDIRECT] 	at java.base/java.net.URI.<init>(URI.java:623)
2024-04-04 19:07:15,609 [ERROR] LogOutputStream:75 - [STDERR_REDIRECT] 	at java.base/java.net.URL.toURI(URL.java:1056)
2024-04-04 19:07:15,610 [ERROR] LogOutputStream:75 - [STDERR_REDIRECT] 	at com.st.stm32cube.common.mx.core.CubeMxInstance.getInstance(CubeMxInstance.java:81)
2024-04-04 19:07:15,611 [ERROR] LogOutputStream:75 - [STDERR_REDIRECT] 	at com.st.stm32cube.common.mx.userauth.UserAuthAdapter.<init>(UserAuthAdapter.java:25)
2024-04-04 19:07:15,612 [ERROR] LogOutputStream:75 - [STDERR_REDIRECT] 	at com.st.stm32cube.common.mx.userauth.UserAuthProvider.getUserAuthAdapter(UserAuthProvider.java:16)
2024-04-04 19:07:15,613 [ERROR] LogOutputStream:75 - [STDERR_REDIRECT] 	at com.st.stm32cube.common.ecosystemintegration.ui.core.MCUEcoSystemIntegrationUiHelper.getUserAuth(MCUEcoSystemIntegrationUiHelper.java:100)
2024-04-04 19:07:15,614 [ERROR] LogOutputStream:75 - [STDERR_REDIRECT] 	at com.st.stm32cube.ide.mcu.userauth.UserAuthStartup.earlyStartup(UserAuthStartup.java:41)
2024-04-04 19:07:15,615 [ERROR] LogOutputStream:75 - [STDERR_REDIRECT] 	at org.eclipse.ui.internal.EarlyStartupRunnable.runEarlyStartup(EarlyStartupRunnable.java:79)
2024-04-04 19:07:15,616 [ERROR] LogOutputStream:75 - [STDERR_REDIRECT] 	at org.eclipse.ui.internal.EarlyStartupRunnable.run(EarlyStartupRunnable.java:55)
2024-04-04 19:07:15,617 [ERROR] LogOutputStream:75 - [STDERR_REDIRECT] 	at org.eclipse.core.runtime.SafeRunner.run(SafeRunner.java:47)
2024-04-04 19:07:15,618 [ERROR] LogOutputStream:75 - [STDERR_REDIRECT] 	at org.eclipse.ui.internal.Workbench$39.run(Workbench.java:2762)
2024-04-04 19:07:15,619 [ERROR] LogOutputStream:75 - [STDERR_REDIRECT] 	at org.eclipse.core.internal.jobs.Worker.run(Worker.java:63)
2024-04-04 19:07:20,927 [ERROR] LogOutputStream:75 - [STDERR_REDIRECT] Apr 04, 2024 7:07:20 PM java.util.prefs.FileSystemPreferences$2 run
2024-04-04 19:07:20,928 [ERROR] LogOutputStream:75 - [STDERR_REDIRECT] WARNING: Could not create system preferences directory. System preferences are unusable.
2024-04-04 19:07:20,928 [ERROR] LogOutputStream:75 - [STDERR_REDIRECT] 
2024-04-04 19:07:26,780 [ERROR] LogOutputStream:75 - [STDERR_REDIRECT] 
